{
  "RSpec": {
    "coverage": {
      "/Users/alvintan/code/wdi/robot_factory/spec/robot_spec.rb": [
        1,
        null,
        1,
        1,
        0,
        null,
        1,
        1,
        0,
        null,
        1,
        0,
        0,
        null,
        null,
        1,
        1,
        0,
        0,
        0,
        0,
        null,
        1,
        1,
        null,
        null
      ],
      "/Users/alvintan/code/wdi/robot_factory/robot.rb": [
        1,
        null,
        1,
        null,
        1,
        0,
        null,
        null,
        1,
        0,
        0,
        0,
        0,
        0,
        null,
        null,
        null
      ]
    },
    "timestamp": 1493186453
  }
}
