{
  "RSpec": {
    "coverage": {
      "/Users/zhenhaowu/code/wdi/robot_factory/spec/robot_spec.rb": [
        null,
        null,
        null,
        null,
        null,
        null,
        null,
        null,
        null,
        null,
        null,
        null,
        null,
        null,
        null,
        null,
        1,
        null,
        1,
        1,
        3,
        3,
        null,
        null,
        1,
        1,
        1,
        1,
        null,
        null,
        1,
        1,
        null,
        null,
        null,
        1,
        1,
        1,
        1,
        1,
        null,
        null,
        null
      ],
      "/Users/zhenhaowu/code/wdi/robot_factory/robot.rb": [
        1,
        1,
        1,
        null,
        null,
        1,
        6,
        6,
        6,
        null,
        null,
        1,
        6,
        0,
        0,
        null,
        null,
        null,
        1,
        21,
        7,
        7,
        7,
        7,
        null,
        null,
        null,
        null
      ]
    },
    "timestamp": 1493188237
  }
}
